<?xml version="1.0" encoding="UTF-8"?>
<!-- Generated by org.testng.reporters.JUnitXMLReporter -->
<testsuite ignored="0" hostname="Vivek" failures="0" tests="3" name="Test" time="92.693" errors="0" timestamp="2024-04-13T13:49:11 IST">
  <testcase classname="testPack.TC01_VerifyLoginFunctionaliity" name="verifyLoginFunctionaliity" time="9.925"/>
  <testcase classname="testPack.TC02_verifyMakeAppointmentFunctionality" name="verifyMakeAppointmentFunctionality" time="29.414"/>
  <testcase classname="testPack.TC03_VerifyLogoutFuntionality" name="verifyLogoutFuntionality" time="15.276"/>
</testsuite> <!-- Test -->
