<?xml version="1.0" encoding="UTF-8"?>
<testsuite xmlns:xsi="http://www.w3.org/2001/XMLSchema-instance" xsi:noNamespaceSchemaLocation="https://maven.apache.org/surefire/maven-surefire-plugin/xsd/surefire-test-report-3.0.xsd" version="3.0" name="TestSuite" time="18.47" tests="1" errors="0" skipped="0" failures="0">
  <properties>
[...]
</properties>
  <testcase name="verifyLoginFunctionaliity" classname="testPack.TC01_VerifyLoginFunctionaliity" time="2.84">
    <system-out><![CDATA[04-98-2024 19:16:48 TestBaseClass.java INFO  [main] E2Ebooking 27 - Browser is opened
04-98-2024 19:16:50 TestBaseClass.java INFO  [main] E2Ebooking 35 - Browser is maximized
04-98-2024 19:16:58 TestBaseClass.java INFO  [main] E2Ebooking 39 - Url is opened
04-98-2024 19:17:01 TestBaseClass.java INFO  [main] E2Ebooking 43 - Loginpage snap taken
04-98-2024 19:17:02 TC01_VerifyLoginFunctionaliity.java INFO  [main] E2Ebooking 18 - Clicked on Make Appointment button
04-98-2024 19:17:04 TC01_VerifyLoginFunctionaliity.java INFO  [main] E2Ebooking 22 - login page snap taken
04-98-2024 19:17:04 TC01_VerifyLoginFunctionaliity.java INFO  [main] E2Ebooking 24 - Apply Validation
04-98-2024 19:17:04 TC01_VerifyLoginFunctionaliity.java INFO  [main] E2Ebooking 33 - Case passed
]]></system-out>
    <system-err><![CDATA[SLF4J: Failed to load class "org.slf4j.impl.StaticLoggerBinder".
SLF4J: Defaulting to no-operation (NOP) logger implementation
SLF4J: See http://www.slf4j.org/codes.html#StaticLoggerBinder for further details.
Apr 07, 2024 7:16:48 PM org.openqa.selenium.devtools.CdpVersionFinder findNearestMatch
WARNING: Unable to find an exact match for CDP version 123, returning the closest version; found: 121; Please update to a Selenium version that supports CDP version 123
]]></system-err>
  </testcase>
</testsuite>