<?xml version="1.0" encoding="UTF-8"?>
<testng-results ignored="0" total="1" passed="1" failed="0" skipped="0">
  <reporter-output>
  </reporter-output>
  <suite started-at="2024-04-08T15:58:43 IST" name="Suite" finished-at="2024-04-08T15:59:12 IST" duration-ms="29077">
    <groups>
    </groups>
    <test started-at="2024-04-08T15:58:43 IST" name="Test" finished-at="2024-04-08T15:59:12 IST" duration-ms="29077">
      <class name="testPack.TC01_VerifyLoginFunctionaliity">
        <test-method is-config="true" signature="preMethod()[pri:0, instance:testPack.TC01_VerifyLoginFunctionaliity@6973b51b]" started-at="2024-04-08T15:58:43 IST" name="preMethod" finished-at="2024-04-08T15:59:01 IST" duration-ms="18309" status="PASS">
          <reporter-output>
          </reporter-output>
        </test-method> <!-- preMethod -->
        <test-method signature="verifyLoginFunctionaliity()[pri:0, instance:testPack.TC01_VerifyLoginFunctionaliity@6973b51b]" started-at="2024-04-08T15:59:01 IST" name="verifyLoginFunctionaliity" finished-at="2024-04-08T15:59:12 IST" duration-ms="10426" status="PASS">
          <reporter-output>
          </reporter-output>
        </test-method> <!-- verifyLoginFunctionaliity -->
        <test-method is-config="true" signature="tearDown()[pri:0, instance:testPack.TC01_VerifyLoginFunctionaliity@6973b51b]" started-at="2024-04-08T15:59:12 IST" name="tearDown" finished-at="2024-04-08T15:59:12 IST" duration-ms="290" status="PASS">
          <reporter-output>
          </reporter-output>
        </test-method> <!-- tearDown -->
      </class> <!-- testPack.TC01_VerifyLoginFunctionaliity -->
    </test> <!-- Test -->
  </suite> <!-- Suite -->
</testng-results>
