<?xml version="1.0" encoding="UTF-8"?>
<testng-results ignored="0" total="1" passed="1" failed="0" skipped="0">
  <reporter-output>
  </reporter-output>
  <suite started-at="2024-04-12T14:33:26 IST" name="Default suite" finished-at="2024-04-12T14:34:10 IST" duration-ms="43711">
    <groups>
    </groups>
    <test started-at="2024-04-12T14:33:26 IST" name="Default test" finished-at="2024-04-12T14:34:10 IST" duration-ms="43711">
      <class name="testPack.TC02_verifyMakeAppointmentFunctionality">
        <test-method is-config="true" signature="preMethod()[pri:0, instance:testPack.TC02_verifyMakeAppointmentFunctionality@173ed316]" started-at="2024-04-12T14:33:26 IST" name="preMethod" finished-at="2024-04-12T14:33:41 IST" duration-ms="15016" status="PASS">
          <reporter-output>
          </reporter-output>
        </test-method> <!-- preMethod -->
        <test-method signature="verifyMakeAppointmentFunctionality()[pri:0, instance:testPack.TC02_verifyMakeAppointmentFunctionality@173ed316]" started-at="2024-04-12T14:33:41 IST" name="verifyMakeAppointmentFunctionality" finished-at="2024-04-12T14:34:09 IST" duration-ms="28374" status="PASS">
          <reporter-output>
          </reporter-output>
        </test-method> <!-- verifyMakeAppointmentFunctionality -->
        <test-method is-config="true" signature="tearDown()[pri:0, instance:testPack.TC02_verifyMakeAppointmentFunctionality@173ed316]" started-at="2024-04-12T14:34:09 IST" name="tearDown" finished-at="2024-04-12T14:34:10 IST" duration-ms="270" status="PASS">
          <reporter-output>
          </reporter-output>
        </test-method> <!-- tearDown -->
      </class> <!-- testPack.TC02_verifyMakeAppointmentFunctionality -->
    </test> <!-- Default test -->
  </suite> <!-- Default suite -->
</testng-results>
