<?xml version="1.0" encoding="UTF-8"?>
<testng-results ignored="0" total="3" passed="3" failed="0" skipped="0">
  <reporter-output>
  </reporter-output>
  <suite started-at="2024-04-13T13:47:38 IST" name="Suite" finished-at="2024-04-13T13:49:11 IST" duration-ms="92693">
    <groups>
    </groups>
    <test started-at="2024-04-13T13:47:38 IST" name="Test" finished-at="2024-04-13T13:49:11 IST" duration-ms="92693">
      <class name="testPack.TC02_verifyMakeAppointmentFunctionality">
        <test-method is-config="true" signature="preMethod()[pri:0, instance:testPack.TC02_verifyMakeAppointmentFunctionality@48bb62]" started-at="2024-04-13T13:48:03 IST" name="preMethod" finished-at="2024-04-13T13:48:14 IST" duration-ms="11351" status="PASS">
          <reporter-output>
          </reporter-output>
        </test-method> <!-- preMethod -->
        <test-method signature="verifyMakeAppointmentFunctionality()[pri:0, instance:testPack.TC02_verifyMakeAppointmentFunctionality@48bb62]" started-at="2024-04-13T13:48:14 IST" name="verifyMakeAppointmentFunctionality" finished-at="2024-04-13T13:48:44 IST" duration-ms="29414" status="PASS">
          <reporter-output>
          </reporter-output>
        </test-method> <!-- verifyMakeAppointmentFunctionality -->
        <test-method is-config="true" signature="tearDown()[pri:0, instance:testPack.TC02_verifyMakeAppointmentFunctionality@48bb62]" started-at="2024-04-13T13:48:44 IST" name="tearDown" finished-at="2024-04-13T13:48:44 IST" duration-ms="251" status="PASS">
          <reporter-output>
          </reporter-output>
        </test-method> <!-- tearDown -->
      </class> <!-- testPack.TC02_verifyMakeAppointmentFunctionality -->
      <class name="testPack.TC01_VerifyLoginFunctionaliity">
        <test-method is-config="true" signature="preMethod()[pri:0, instance:testPack.TC01_VerifyLoginFunctionaliity@76b1e9b8]" started-at="2024-04-13T13:47:38 IST" name="preMethod" finished-at="2024-04-13T13:47:53 IST" duration-ms="14650" status="PASS">
          <reporter-output>
          </reporter-output>
        </test-method> <!-- preMethod -->
        <test-method signature="verifyLoginFunctionaliity()[pri:0, instance:testPack.TC01_VerifyLoginFunctionaliity@76b1e9b8]" started-at="2024-04-13T13:47:53 IST" name="verifyLoginFunctionaliity" finished-at="2024-04-13T13:48:03 IST" duration-ms="9925" status="PASS">
          <reporter-output>
          </reporter-output>
        </test-method> <!-- verifyLoginFunctionaliity -->
        <test-method is-config="true" signature="tearDown()[pri:0, instance:testPack.TC01_VerifyLoginFunctionaliity@76b1e9b8]" started-at="2024-04-13T13:48:03 IST" name="tearDown" finished-at="2024-04-13T13:48:03 IST" duration-ms="219" status="PASS">
          <reporter-output>
          </reporter-output>
        </test-method> <!-- tearDown -->
      </class> <!-- testPack.TC01_VerifyLoginFunctionaliity -->
      <class name="testPack.TC03_VerifyLogoutFuntionality">
        <test-method is-config="true" signature="preMethod()[pri:0, instance:testPack.TC03_VerifyLogoutFuntionality@353352b6]" started-at="2024-04-13T13:48:44 IST" name="preMethod" finished-at="2024-04-13T13:48:55 IST" duration-ms="11365" status="PASS">
          <reporter-output>
          </reporter-output>
        </test-method> <!-- preMethod -->
        <test-method signature="verifyLogoutFuntionality()[pri:0, instance:testPack.TC03_VerifyLogoutFuntionality@353352b6]" started-at="2024-04-13T13:48:55 IST" name="verifyLogoutFuntionality" finished-at="2024-04-13T13:49:11 IST" duration-ms="15276" status="PASS">
          <reporter-output>
          </reporter-output>
        </test-method> <!-- verifyLogoutFuntionality -->
        <test-method is-config="true" signature="tearDown()[pri:0, instance:testPack.TC03_VerifyLogoutFuntionality@353352b6]" started-at="2024-04-13T13:49:11 IST" name="tearDown" finished-at="2024-04-13T13:49:11 IST" duration-ms="199" status="PASS">
          <reporter-output>
          </reporter-output>
        </test-method> <!-- tearDown -->
      </class> <!-- testPack.TC03_VerifyLogoutFuntionality -->
    </test> <!-- Test -->
  </suite> <!-- Suite -->
</testng-results>
